[35m[1mScanning dependencies of target actionlib_generate_messages_cpp[0m
[35m[1mScanning dependencies of target actionlib_msgs_generate_messages_py[0m
[35m[1mScanning dependencies of target sensor_msgs_generate_messages_py[0m
[35m[1mScanning dependencies of target roscpp_generate_messages_eus[0m
[35m[1mScanning dependencies of target std_msgs_generate_messages_py[0m
[35m[1mScanning dependencies of target roscpp_generate_messages_cpp[0m
[35m[1mScanning dependencies of target ipa_building_navigation_gencfg[0m
[35m[1mScanning dependencies of target geometry_msgs_generate_messages_eus[0m
[35m[1mScanning dependencies of target std_msgs_generate_messages_nodejs[0m
[35m[1mScanning dependencies of target std_msgs_generate_messages_cpp[0m
[35m[1mScanning dependencies of target roscpp_generate_messages_nodejs[0m
[  4%] Built target sensor_msgs_generate_messages_py
[  4%] [34m[1mGenerating dynamic reconfigure files from cfg/BuildingNavigation.cfg: /home/taylor/room_exp/devel/.private/ipa_building_navigation/include/ipa_building_navigation/BuildingNavigationConfig.h /home/taylor/room_exp/devel/.private/ipa_building_navigation/lib/python3/dist-packages/ipa_building_navigation/cfg/BuildingNavigationConfig.py[0m
[  4%] Built target actionlib_msgs_generate_messages_py
[  4%] Built target roscpp_generate_messages_eus
[  4%] Built target geometry_msgs_generate_messages_eus
[  4%] Built target std_msgs_generate_messages_nodejs
[  4%] Built target actionlib_generate_messages_cpp
[  4%] Built target roscpp_generate_messages_nodejs
[  4%] Built target roscpp_generate_messages_cpp
[  4%] Built target std_msgs_generate_messages_py
[  4%] Built target std_msgs_generate_messages_cpp
[35m[1mScanning dependencies of target actionlib_generate_messages_lisp[0m
[35m[1mScanning dependencies of target actionlib_generate_messages_py[0m
[35m[1mScanning dependencies of target rosgraph_msgs_generate_messages_nodejs[0m
[35m[1mScanning dependencies of target _catkin_empty_exported_target[0m
[35m[1mScanning dependencies of target actionlib_generate_messages_nodejs[0m
[35m[1mScanning dependencies of target ipa_building_msgs_generate_messages_py[0m
[35m[1mScanning dependencies of target rosgraph_msgs_generate_messages_py[0m
[35m[1mScanning dependencies of target roscpp_generate_messages_lisp[0m
[35m[1mScanning dependencies of target std_msgs_generate_messages_eus[0m
[35m[1mScanning dependencies of target actionlib_msgs_generate_messages_nodejs[0m
[  4%] Built target rosgraph_msgs_generate_messages_py
[  4%] Built target actionlib_generate_messages_nodejs
[  4%] Built target rosgraph_msgs_generate_messages_nodejs
[  4%] Built target _catkin_empty_exported_target
[  4%] Built target roscpp_generate_messages_lisp
[  4%] Built target ipa_building_msgs_generate_messages_py
[  4%] Built target actionlib_generate_messages_py
[  4%] Built target actionlib_generate_messages_lisp
[  4%] Built target actionlib_msgs_generate_messages_nodejs
[  4%] Built target std_msgs_generate_messages_eus
[35m[1mScanning dependencies of target roscpp_generate_messages_py[0m
[35m[1mScanning dependencies of target actionlib_generate_messages_eus[0m
[35m[1mScanning dependencies of target rosgraph_msgs_generate_messages_cpp[0m
[35m[1mScanning dependencies of target rosgraph_msgs_generate_messages_eus[0m
[35m[1mScanning dependencies of target actionlib_msgs_generate_messages_cpp[0m
[35m[1mScanning dependencies of target std_msgs_generate_messages_lisp[0m
[35m[1mScanning dependencies of target actionlib_msgs_generate_messages_lisp[0m
[35m[1mScanning dependencies of target actionlib_msgs_generate_messages_eus[0m
[35m[1mScanning dependencies of target dynamic_reconfigure_generate_messages_py[0m
[35m[1mScanning dependencies of target sensor_msgs_generate_messages_cpp[0m
[  4%] Built target actionlib_generate_messages_eus
[  4%] Built target actionlib_msgs_generate_messages_cpp
[  4%] Built target rosgraph_msgs_generate_messages_eus
[  4%] Built target rosgraph_msgs_generate_messages_cpp
[  4%] Built target roscpp_generate_messages_py
[  4%] Built target std_msgs_generate_messages_lisp
[  4%] Built target dynamic_reconfigure_generate_messages_py
[  4%] Built target actionlib_msgs_generate_messages_eus
[  4%] Built target actionlib_msgs_generate_messages_lisp
[  4%] Built target sensor_msgs_generate_messages_cpp
[35m[1mScanning dependencies of target dynamic_reconfigure_generate_messages_nodejs[0m
[35m[1mScanning dependencies of target visualization_msgs_generate_messages_cpp[0m
[35m[1mScanning dependencies of target sensor_msgs_generate_messages_eus[0m
[35m[1mScanning dependencies of target sensor_msgs_generate_messages_lisp[0m
[35m[1mScanning dependencies of target sensor_msgs_generate_messages_nodejs[0m
[35m[1mScanning dependencies of target geometry_msgs_generate_messages_py[0m
[35m[1mScanning dependencies of target geometry_msgs_generate_messages_cpp[0m
[35m[1mScanning dependencies of target rosgraph_msgs_generate_messages_lisp[0m
[35m[1mScanning dependencies of target ipa_building_msgs_generate_messages_cpp[0m
[35m[1mScanning dependencies of target visualization_msgs_generate_messages_eus[0m
[  4%] Built target sensor_msgs_generate_messages_eus
[  4%] Built target visualization_msgs_generate_messages_cpp
[  4%] Built target sensor_msgs_generate_messages_lisp
[  4%] Built target sensor_msgs_generate_messages_nodejs
[  4%] Built target dynamic_reconfigure_generate_messages_nodejs
[  4%] Built target geometry_msgs_generate_messages_py
[  4%] Built target ipa_building_msgs_generate_messages_cpp
[  4%] Built target rosgraph_msgs_generate_messages_lisp
[  4%] Built target visualization_msgs_generate_messages_eus
[  4%] Built target geometry_msgs_generate_messages_cpp
[35m[1mScanning dependencies of target visualization_msgs_generate_messages_lisp[0m
[35m[1mScanning dependencies of target geometry_msgs_generate_messages_lisp[0m
[35m[1mScanning dependencies of target ipa_building_msgs_generate_messages_eus[0m
[35m[1mScanning dependencies of target visualization_msgs_generate_messages_nodejs[0m
[35m[1mScanning dependencies of target geometry_msgs_generate_messages_nodejs[0m
[35m[1mScanning dependencies of target ipa_building_msgs_generate_messages_lisp[0m
[35m[1mScanning dependencies of target ipa_building_msgs_generate_messages_nodejs[0m
[35m[1mScanning dependencies of target visualization_msgs_generate_messages_py[0m
Generating reconfiguration files for BuildingNavigation in ipa_building_navigation
[  4%] Built target visualization_msgs_generate_messages_lisp
[  4%] Built target geometry_msgs_generate_messages_lisp
Wrote header file in /home/taylor/room_exp/devel/.private/ipa_building_navigation/include/ipa_building_navigation/BuildingNavigationConfig.h
[35m[1mScanning dependencies of target dynamic_reconfigure_gencfg[0m
[  4%] Built target ipa_building_msgs_generate_messages_eus
[35m[1mScanning dependencies of target dynamic_reconfigure_generate_messages_eus[0m
[  4%] Built target visualization_msgs_generate_messages_nodejs
[  4%] Built target geometry_msgs_generate_messages_nodejs
[  4%] Built target visualization_msgs_generate_messages_py
[  4%] Built target ipa_building_msgs_generate_messages_lisp
[  4%] Built target ipa_building_msgs_generate_messages_nodejs
[35m[1mScanning dependencies of target dynamic_reconfigure_generate_messages_lisp[0m
[35m[1mScanning dependencies of target dynamic_reconfigure_generate_messages_cpp[0m
[  4%] Built target dynamic_reconfigure_gencfg
[  4%] Built target dynamic_reconfigure_generate_messages_eus
[  4%] Built target dynamic_reconfigure_generate_messages_lisp
[  4%] Built target dynamic_reconfigure_generate_messages_cpp
[  4%] Built target ipa_building_navigation_gencfg
[35m[1mScanning dependencies of target room_sequence_planning_evaluation[0m
[35m[1mScanning dependencies of target ipa_building_navigation[0m
[35m[1mScanning dependencies of target tsp_solvers[0m
[35m[1mScanning dependencies of target room_sequence_planning_client[0m
[ 14%] [32mBuilding CXX object CMakeFiles/ipa_building_navigation.dir/common/src/trolley_position_finder.cpp.o[0m
[ 14%] [32mBuilding CXX object CMakeFiles/ipa_building_navigation.dir/common/src/maximal_clique_finder.cpp.o[0m
[ 19%] [32mBuilding CXX object CMakeFiles/room_sequence_planning_client.dir/ros/src/room_sequence_planning_action_client.cpp.o[0m
[ 23%] [32mBuilding CXX object CMakeFiles/ipa_building_navigation.dir/common/src/set_cover_solver.cpp.o[0m
[ 28%] [32mBuilding CXX object CMakeFiles/room_sequence_planning_evaluation.dir/common/src/node.cpp.o[0m
[ 33%] [32mBuilding CXX object CMakeFiles/room_sequence_planning_evaluation.dir/ros/src/room_sequence_planning_evaluation.cpp.o[0m
[ 38%] [32mBuilding CXX object CMakeFiles/room_sequence_planning_evaluation.dir/common/src/A_star_pathplanner.cpp.o[0m
[ 47%] [32mBuilding CXX object CMakeFiles/tsp_solvers.dir/common/src/A_star_pathplanner.cpp.o[0m
[ 47%] [32mBuilding CXX object CMakeFiles/tsp_solvers.dir/common/src/node.cpp.o[0m
[ 52%] [32mBuilding CXX object CMakeFiles/tsp_solvers.dir/common/src/genetic_TSP.cpp.o[0m
[ 57%] [32mBuilding CXX object CMakeFiles/tsp_solvers.dir/common/src/nearest_neighbor_TSP.cpp.o[0m
[ 61%] [32mBuilding CXX object CMakeFiles/tsp_solvers.dir/common/src/concorde_TSP.cpp.o[0m
[ 66%] [32m[1mLinking CXX static library /home/taylor/room_exp/devel/.private/ipa_building_navigation/lib/libipa_building_navigation.a[0m
[ 66%] Built target ipa_building_navigation
[ 71%] [32m[1mLinking CXX shared library /home/taylor/room_exp/devel/.private/ipa_building_navigation/lib/libtsp_solvers.so[0m
[ 71%] Built target tsp_solvers
[35m[1mScanning dependencies of target TSP_evaluation[0m
[ 76%] [32mBuilding CXX object CMakeFiles/TSP_evaluation.dir/ros/src/boosttest.cpp.o[0m
[35m[1mScanning dependencies of target room_sequence_planning_server[0m
[ 80%] [32mBuilding CXX object CMakeFiles/room_sequence_planning_server.dir/ros/src/room_sequence_planning_action_server.cpp.o[0m
[ 85%] [32m[1mLinking CXX executable /home/taylor/room_exp/devel/.private/ipa_building_navigation/lib/ipa_building_navigation/room_sequence_planning_client[0m
[ 90%] [32m[1mLinking CXX executable /home/taylor/room_exp/devel/.private/ipa_building_navigation/lib/ipa_building_navigation/TSP_evaluation[0m
[ 90%] Built target room_sequence_planning_client
[ 90%] Built target TSP_evaluation
[ 95%] [32m[1mLinking CXX executable /home/taylor/room_exp/devel/.private/ipa_building_navigation/lib/ipa_building_navigation/room_sequence_planning_evaluation[0m
[ 95%] Built target room_sequence_planning_evaluation
[100%] [32m[1mLinking CXX executable /home/taylor/room_exp/devel/.private/ipa_building_navigation/lib/ipa_building_navigation/room_sequence_planning_server[0m
[100%] Built target room_sequence_planning_server
