[01m[K/home/taylor/room_exp/src/ipa_room_segmentation/common/src/features.cpp:[m[K In member function ‘[01m[Kdouble LaserScannerFeatures::get_feature(const std::vector<double, std::allocator<double> >&, const std::vector<double, std::allocator<double> >&, cv::Point, int)[m[K’:
[01m[K/home/taylor/room_exp/src/ipa_room_segmentation/common/src/features.cpp:83:1:[m[K [01;35m[Kwarning: [m[Kcontrol reaches end of non-void function [[01;35m[K-Wreturn-type[m[K]
   83 | [01;35m[K}[m[K
      | [01;35m[K^[m[K
In file included from [01m[K/opt/ros/noetic/include/opengm/graphicalmodel/graphicalmodel.hxx:11[m[K,
                 from [01m[K/home/taylor/room_exp/src/ipa_room_segmentation/common/include/ipa_room_segmentation/voronoi_random_field_segmentation.h:78[m[K,
                 from [01m[K/home/taylor/room_exp/src/ipa_room_segmentation/common/src/voronoi_random_field_segmentation.cpp:60[m[K:
/opt/ros/noetic/include/opengm/datastructures/fast_sequence.hxx: In instantiation of ‘[01m[Kopengm::FastSequence<T, MAX_STACK>::~FastSequence() [with T = long unsigned int; long unsigned int MAX_STACK = 5][m[K’:
[01m[K/opt/ros/noetic/include/opengm/graphicalmodel/graphicalmodel_factor.hxx:1581:39:[m[K   required from ‘[01m[Kvoid opengm::IndependentFactor<T, I, L>::fixVariables(INDEX_ITERATOR, INDEX_ITERATOR, STATE_ITERATOR) [with INDEX_ITERATOR = __gnu_cxx::__normal_iterator<long unsigned int*, std::vector<long unsigned int> >; STATE_ITERATOR = __gnu_cxx::__normal_iterator<long unsigned int*, std::vector<long unsigned int> >; T = double; I = long unsigned int; L = long unsigned int][m[K’
[01m[K/opt/ros/noetic/include/opengm/inference/inference.hxx:199:19:[m[K   required from ‘[01m[Kopengm::InferenceTermination opengm::Inference<GM, ACC>::constrainedOptimum(std::vector<typename A::IndexType>&, std::vector<typename A::LabelType>&, std::vector<typename A::LabelType>&) const [with GM = opengm::GraphicalModel<double, opengm::Adder, opengm::ExplicitFunction<double>, opengm::SimpleDiscreteSpace<long unsigned int, long unsigned int> >; ACC = opengm::Maximizer; typename A::IndexType = long unsigned int; typename A::LabelType = long unsigned int][m[K’
[01m[K/opt/ros/noetic/include/opengm/inference/inference.hxx:395:11:[m[K   required from ‘[01m[Kopengm::InferenceTermination opengm::Inference<GM, ACC>::modeFromFactorMarginal(std::vector<typename A::LabelType>&) const [with GM = opengm::GraphicalModel<double, opengm::Adder, opengm::ExplicitFunction<double>, opengm::SimpleDiscreteSpace<long unsigned int, long unsigned int> >; ACC = opengm::Maximizer; typename A::LabelType = long unsigned int][m[K’
[01m[K/opt/ros/noetic/include/opengm/inference/messagepassing/messagepassing.hxx:631:50:[m[K   required from ‘[01m[Kopengm::InferenceTermination opengm::MessagePassing<GM, ACC, UPDATE_RULES, DIST>::arg(std::vector<typename A::LabelType>&, size_t) const [with GM = opengm::GraphicalModel<double, opengm::Adder, opengm::ExplicitFunction<double>, opengm::SimpleDiscreteSpace<long unsigned int, long unsigned int> >; ACC = opengm::Maximizer; UPDATE_RULES = opengm::BeliefPropagationUpdateRules<opengm::GraphicalModel<double, opengm::Adder, opengm::ExplicitFunction<double>, opengm::SimpleDiscreteSpace<long unsigned int, long unsigned int> >, opengm::Maximizer>; DIST = opengm::MaxDistance; typename A::LabelType = long unsigned int; size_t = long unsigned int][m[K’
[01m[K/home/taylor/room_exp/src/ipa_room_segmentation/common/src/voronoi_random_field_segmentation.cpp:1537:36:[m[K   required from here
[01m[K/opt/ros/noetic/include/opengm/opengm.hxx:82:42:[m[K [01;35m[Kwarning: [m[Kthrow will always call terminate() [[01;35m[K-Wterminate[m[K]
   82 |          throw std::runtime_error(s.str()[01;35m[K)[m[K; \
      |                                          [01;35m[K^[m[K
[01m[K/opt/ros/noetic/include/opengm/datastructures/fast_sequence.hxx:137:7:[m[K [01;36m[Knote: [m[Kin expansion of macro ‘[01m[KOPENGM_ASSERT[m[K’
  137 |       [01;36m[KOPENGM_ASSERT[m[K(pointerToSequence_!=NULL);
      |       [01;36m[K^~~~~~~~~~~~~[m[K
[01m[K/opt/ros/noetic/include/opengm/opengm.hxx:82:42:[m[K [01;36m[Knote: [m[Kin C++11 destructors default to noexcept
   82 |          throw std::runtime_error(s.str()[01;36m[K)[m[K; \
      |                                          [01;36m[K^[m[K
[01m[K/opt/ros/noetic/include/opengm/datastructures/fast_sequence.hxx:137:7:[m[K [01;36m[Knote: [m[Kin expansion of macro ‘[01m[KOPENGM_ASSERT[m[K’
  137 |       [01;36m[KOPENGM_ASSERT[m[K(pointerToSequence_!=NULL);
      |       [01;36m[K^~~~~~~~~~~~~[m[K
/opt/ros/noetic/include/opengm/datastructures/fast_sequence.hxx: In instantiation of ‘[01m[Kopengm::FastSequence<T, MAX_STACK>::~FastSequence() [with T = bool; long unsigned int MAX_STACK = 5][m[K’:
[01m[K/opt/ros/noetic/include/opengm/utilities/indexing.hxx:293:10:[m[K   required from ‘[01m[Kstatic void opengm::BinaryOperationInplaceImpl<A, B, OP>::op(A&, const B&, VI_A&, const VI_B&, OP) [with VI_A = std::vector<long unsigned int>; VI_B = std::vector<long unsigned int>; A = opengm::ExplicitFunction<double>; B = opengm::ExplicitFunction<double>; OP = std::plus<double>][m[K’
[01m[K/opt/ros/noetic/include/opengm/graphicalmodel/graphicalmodel_factor_operator.hxx:187:42:[m[K   required from ‘[01m[Kstatic void opengm::functionwrapper::executor::binary::InplaceOperationExecutor<A, B, OP, IY, DY, false>::op(A&, const B&, OP, size_t) [with A = opengm::IndependentFactor<double, long unsigned int, long unsigned int>; B = opengm::IndependentFactor<double, long unsigned int, long unsigned int>; OP = std::plus<double>; long unsigned int IY = 0; long unsigned int DY = 1; size_t = long unsigned int][m[K’
[01m[K/opt/ros/noetic/include/opengm/graphicalmodel/graphicalmodel_factor_operator.hxx:547:29:[m[K   required from ‘[01m[Kstatic void opengm::functionwrapper::binary::InplaceOperationWrapper<A, B, OP, opengm::functionwrapper::IndependentFactorFlag, opengm::functionwrapper::IndependentFactorOrFactorFlag>::op(A&, const B&, OP) [with A = opengm::IndependentFactor<double, long unsigned int, long unsigned int>; B = opengm::IndependentFactor<double, long unsigned int, long unsigned int>; OP = std::plus<double>][m[K’
[01m[K/opt/ros/noetic/include/opengm/graphicalmodel/graphicalmodel_factor_operator.hxx:581:36:[m[K   required from ‘[01m[Kstatic void opengm::functionwrapper::binary::InplaceOperationWrapperSelector<A, B, OP>::op(A&, const B&, OP) [with A = opengm::IndependentFactor<double, long unsigned int, long unsigned int>; B = opengm::IndependentFactor<double, long unsigned int, long unsigned int>; OP = std::plus<double>][m[K’
[01m[K/opt/ros/noetic/include/opengm/graphicalmodel/graphicalmodel_factor_operator.hxx:607:74:[m[K   [ skipping 2 instantiation contexts, use -ftemplate-backtrace-limit=0 to disable ]
[01m[K/opt/ros/noetic/include/opengm/graphicalmodel/graphicalmodel_factor.hxx:1771:1:[m[K   required from ‘[01m[Kopengm::IndependentFactor<T, I, L>& opengm::operator+=(opengm::IndependentFactor<T, I, L>&, const opengm::IndependentFactor<T, I, L>&) [with T = double; I = long unsigned int; L = long unsigned int][m[K’
[01m[K/opt/ros/noetic/include/opengm/operations/adder.hxx:35:16:[m[K   required from ‘[01m[Kstatic void opengm::Adder::op(const T1&, T2&) [with T1 = opengm::IndependentFactor<double, long unsigned int, long unsigned int>; T2 = opengm::IndependentFactor<double, long unsigned int, long unsigned int>][m[K’
[01m[K/opt/ros/noetic/include/opengm/inference/inference.hxx:202:35:[m[K   required from ‘[01m[Kopengm::InferenceTermination opengm::Inference<GM, ACC>::constrainedOptimum(std::vector<typename A::IndexType>&, std::vector<typename A::LabelType>&, std::vector<typename A::LabelType>&) const [with GM = opengm::GraphicalModel<double, opengm::Adder, opengm::ExplicitFunction<double>, opengm::SimpleDiscreteSpace<long unsigned int, long unsigned int> >; ACC = opengm::Maximizer; typename A::IndexType = long unsigned int; typename A::LabelType = long unsigned int][m[K’
[01m[K/opt/ros/noetic/include/opengm/inference/inference.hxx:395:11:[m[K   required from ‘[01m[Kopengm::InferenceTermination opengm::Inference<GM, ACC>::modeFromFactorMarginal(std::vector<typename A::LabelType>&) const [with GM = opengm::GraphicalModel<double, opengm::Adder, opengm::ExplicitFunction<double>, opengm::SimpleDiscreteSpace<long unsigned int, long unsigned int> >; ACC = opengm::Maximizer; typename A::LabelType = long unsigned int][m[K’
[01m[K/opt/ros/noetic/include/opengm/inference/messagepassing/messagepassing.hxx:631:50:[m[K   required from ‘[01m[Kopengm::InferenceTermination opengm::MessagePassing<GM, ACC, UPDATE_RULES, DIST>::arg(std::vector<typename A::LabelType>&, size_t) const [with GM = opengm::GraphicalModel<double, opengm::Adder, opengm::ExplicitFunction<double>, opengm::SimpleDiscreteSpace<long unsigned int, long unsigned int> >; ACC = opengm::Maximizer; UPDATE_RULES = opengm::BeliefPropagationUpdateRules<opengm::GraphicalModel<double, opengm::Adder, opengm::ExplicitFunction<double>, opengm::SimpleDiscreteSpace<long unsigned int, long unsigned int> >, opengm::Maximizer>; DIST = opengm::MaxDistance; typename A::LabelType = long unsigned int; size_t = long unsigned int][m[K’
[01m[K/home/taylor/room_exp/src/ipa_room_segmentation/common/src/voronoi_random_field_segmentation.cpp:1537:36:[m[K   required from here
[01m[K/opt/ros/noetic/include/opengm/opengm.hxx:82:42:[m[K [01;35m[Kwarning: [m[Kthrow will always call terminate() [[01;35m[K-Wterminate[m[K]
   82 |          throw std::runtime_error(s.str()[01;35m[K)[m[K; \
      |                                          [01;35m[K^[m[K
[01m[K/opt/ros/noetic/include/opengm/datastructures/fast_sequence.hxx:137:7:[m[K [01;36m[Knote: [m[Kin expansion of macro ‘[01m[KOPENGM_ASSERT[m[K’
  137 |       [01;36m[KOPENGM_ASSERT[m[K(pointerToSequence_!=NULL);
      |       [01;36m[K^~~~~~~~~~~~~[m[K
[01m[K/opt/ros/noetic/include/opengm/opengm.hxx:82:42:[m[K [01;36m[Knote: [m[Kin C++11 destructors default to noexcept
   82 |          throw std::runtime_error(s.str()[01;36m[K)[m[K; \
      |                                          [01;36m[K^[m[K
[01m[K/opt/ros/noetic/include/opengm/datastructures/fast_sequence.hxx:137:7:[m[K [01;36m[Knote: [m[Kin expansion of macro ‘[01m[KOPENGM_ASSERT[m[K’
  137 |       [01;36m[KOPENGM_ASSERT[m[K(pointerToSequence_!=NULL);
      |       [01;36m[K^~~~~~~~~~~~~[m[K
