[35m[1mScanning dependencies of target _ipa_building_msgs_generate_messages_check_deps_ExtractAreaMapFromLabeledMap[0m
[35m[1mScanning dependencies of target _ipa_building_msgs_generate_messages_check_deps_RoomSequence[0m
[35m[1mScanning dependencies of target _ipa_building_msgs_generate_messages_check_deps_RoomExplorationAction[0m
[35m[1mScanning dependencies of target _ipa_building_msgs_generate_messages_check_deps_RoomExplorationActionGoal[0m
[35m[1mScanning dependencies of target _ipa_building_msgs_generate_messages_check_deps_RoomInformation[0m
[35m[1mScanning dependencies of target _ipa_building_msgs_generate_messages_check_deps_CheckCoverage[0m
[35m[1mScanning dependencies of target _ipa_building_msgs_generate_messages_check_deps_RoomExplorationResult[0m
[35m[1mScanning dependencies of target _ipa_building_msgs_generate_messages_check_deps_RoomExplorationFeedback[0m
[35m[1mScanning dependencies of target actionlib_msgs_generate_messages_py[0m
[35m[1mScanning dependencies of target _ipa_building_msgs_generate_messages_check_deps_FindRoomSequenceWithCheckpointsFeedback[0m
[35m[1mScanning dependencies of target _ipa_building_msgs_generate_messages_check_deps_FindRoomSequenceWithCheckpointsAction[0m
[35m[1mScanning dependencies of target _ipa_building_msgs_generate_messages_check_deps_RoomExplorationActionResult[0m
[  0%] Built target actionlib_msgs_generate_messages_py
[35m[1mScanning dependencies of target _ipa_building_msgs_generate_messages_check_deps_MapSegmentationActionFeedback[0m
[  0%] Built target _ipa_building_msgs_generate_messages_check_deps_RoomExplorationActionGoal
[  0%] Built target _ipa_building_msgs_generate_messages_check_deps_FindRoomSequenceWithCheckpointsFeedback
[  0%] Built target _ipa_building_msgs_generate_messages_check_deps_RoomSequence
[  0%] Built target _ipa_building_msgs_generate_messages_check_deps_RoomInformation
[  0%] Built target _ipa_building_msgs_generate_messages_check_deps_RoomExplorationResult
[  0%] Built target _ipa_building_msgs_generate_messages_check_deps_RoomExplorationFeedback
[  0%] Built target _ipa_building_msgs_generate_messages_check_deps_RoomExplorationActionResult
[  0%] Built target _ipa_building_msgs_generate_messages_check_deps_FindRoomSequenceWithCheckpointsAction
[  0%] Built target _ipa_building_msgs_generate_messages_check_deps_ExtractAreaMapFromLabeledMap
[  0%] Built target _ipa_building_msgs_generate_messages_check_deps_CheckCoverage
[  0%] Built target _ipa_building_msgs_generate_messages_check_deps_RoomExplorationAction
[35m[1mScanning dependencies of target _ipa_building_msgs_generate_messages_check_deps_MapSegmentationAction[0m
[35m[1mScanning dependencies of target _ipa_building_msgs_generate_messages_check_deps_FindRoomSequenceWithCheckpointsActionGoal[0m
[35m[1mScanning dependencies of target _ipa_building_msgs_generate_messages_check_deps_RoomExplorationActionFeedback[0m
[35m[1mScanning dependencies of target geometry_msgs_generate_messages_py[0m
[35m[1mScanning dependencies of target _ipa_building_msgs_generate_messages_check_deps_RoomExplorationGoal[0m
[35m[1mScanning dependencies of target _ipa_building_msgs_generate_messages_check_deps_MapSegmentationActionGoal[0m
[35m[1mScanning dependencies of target sensor_msgs_generate_messages_py[0m
[35m[1mScanning dependencies of target _ipa_building_msgs_generate_messages_check_deps_MapSegmentationResult[0m
[35m[1mScanning dependencies of target _ipa_building_msgs_generate_messages_check_deps_MapSegmentationGoal[0m
[35m[1mScanning dependencies of target std_msgs_generate_messages_py[0m
[35m[1mScanning dependencies of target _ipa_building_msgs_generate_messages_check_deps_MapSegmentationActionResult[0m
[  0%] Built target sensor_msgs_generate_messages_py
[  0%] Built target geometry_msgs_generate_messages_py
[  0%] Built target std_msgs_generate_messages_py
[  0%] Built target _ipa_building_msgs_generate_messages_check_deps_MapSegmentationActionFeedback
[35m[1mScanning dependencies of target _ipa_building_msgs_generate_messages_check_deps_MapSegmentationFeedback[0m
[35m[1mScanning dependencies of target _ipa_building_msgs_generate_messages_check_deps_FindRoomSequenceWithCheckpointsActionResult[0m
[35m[1mScanning dependencies of target _ipa_building_msgs_generate_messages_check_deps_FindRoomSequenceWithCheckpointsGoal[0m
[35m[1mScanning dependencies of target _ipa_building_msgs_generate_messages_check_deps_FindRoomSequenceWithCheckpointsActionFeedback[0m
[  0%] Built target _ipa_building_msgs_generate_messages_check_deps_RoomExplorationActionFeedback
[  0%] Built target _ipa_building_msgs_generate_messages_check_deps_RoomExplorationGoal
[  0%] Built target _ipa_building_msgs_generate_messages_check_deps_FindRoomSequenceWithCheckpointsActionGoal
[  0%] Built target _ipa_building_msgs_generate_messages_check_deps_MapSegmentationActionGoal
[  0%] Built target _ipa_building_msgs_generate_messages_check_deps_MapSegmentationAction
[  0%] Built target _ipa_building_msgs_generate_messages_check_deps_MapSegmentationGoal
[  0%] Built target _ipa_building_msgs_generate_messages_check_deps_MapSegmentationResult
[35m[1mScanning dependencies of target std_msgs_generate_messages_nodejs[0m
[35m[1mScanning dependencies of target _ipa_building_msgs_generate_messages_check_deps_FindRoomSequenceWithCheckpointsResult[0m
[35m[1mScanning dependencies of target actionlib_msgs_generate_messages_nodejs[0m
[35m[1mScanning dependencies of target geometry_msgs_generate_messages_nodejs[0m
[35m[1mScanning dependencies of target actionlib_msgs_generate_messages_lisp[0m
[35m[1mScanning dependencies of target std_msgs_generate_messages_lisp[0m
[35m[1mScanning dependencies of target sensor_msgs_generate_messages_nodejs[0m
[  0%] Built target _ipa_building_msgs_generate_messages_check_deps_MapSegmentationActionResult
[  0%] Built target actionlib_msgs_generate_messages_nodejs
[  0%] Built target std_msgs_generate_messages_nodejs
[  0%] Built target geometry_msgs_generate_messages_nodejs
[  0%] Built target actionlib_msgs_generate_messages_lisp
[  0%] Built target sensor_msgs_generate_messages_nodejs
[  0%] Built target std_msgs_generate_messages_lisp
[35m[1mScanning dependencies of target geometry_msgs_generate_messages_lisp[0m
[  0%] Built target _ipa_building_msgs_generate_messages_check_deps_FindRoomSequenceWithCheckpointsActionResult
[  0%] Built target _ipa_building_msgs_generate_messages_check_deps_FindRoomSequenceWithCheckpointsGoal
[  0%] Built target _ipa_building_msgs_generate_messages_check_deps_FindRoomSequenceWithCheckpointsActionFeedback
[35m[1mScanning dependencies of target geometry_msgs_generate_messages_eus[0m
[35m[1mScanning dependencies of target sensor_msgs_generate_messages_lisp[0m
[35m[1mScanning dependencies of target actionlib_msgs_generate_messages_eus[0m
[35m[1mScanning dependencies of target std_msgs_generate_messages_eus[0m
[  0%] Built target _ipa_building_msgs_generate_messages_check_deps_MapSegmentationFeedback
[35m[1mScanning dependencies of target std_msgs_generate_messages_cpp[0m
[35m[1mScanning dependencies of target sensor_msgs_generate_messages_eus[0m
[  0%] Built target geometry_msgs_generate_messages_lisp
[35m[1mScanning dependencies of target geometry_msgs_generate_messages_cpp[0m
[35m[1mScanning dependencies of target actionlib_msgs_generate_messages_cpp[0m
[  0%] Built target std_msgs_generate_messages_eus
[  0%] Built target geometry_msgs_generate_messages_eus
[  0%] Built target actionlib_msgs_generate_messages_eus
[35m[1mScanning dependencies of target sensor_msgs_generate_messages_cpp[0m
[  0%] Built target sensor_msgs_generate_messages_lisp
[  0%] Built target sensor_msgs_generate_messages_eus
[  0%] Built target std_msgs_generate_messages_cpp
[  0%] Built target geometry_msgs_generate_messages_cpp
[  0%] Built target actionlib_msgs_generate_messages_cpp
[  0%] Built target sensor_msgs_generate_messages_cpp
[  0%] Built target _ipa_building_msgs_generate_messages_check_deps_FindRoomSequenceWithCheckpointsResult
[35m[1mScanning dependencies of target ipa_building_msgs_generate_messages_cpp[0m
[35m[1mScanning dependencies of target ipa_building_msgs_generate_messages_nodejs[0m
[35m[1mScanning dependencies of target ipa_building_msgs_generate_messages_eus[0m
[35m[1mScanning dependencies of target ipa_building_msgs_generate_messages_py[0m
[35m[1mScanning dependencies of target ipa_building_msgs_generate_messages_lisp[0m
[  1%] [34m[1mGenerating Javascript code from ipa_building_msgs/MapSegmentationAction.msg[0m
[  1%] [34m[1mGenerating Javascript code from ipa_building_msgs/MapSegmentationActionResult.msg[0m
[  2%] [34m[1mGenerating Javascript code from ipa_building_msgs/MapSegmentationActionGoal.msg[0m
[  5%] [34m[1mGenerating Lisp code from ipa_building_msgs/MapSegmentationAction.msg[0m
[  5%] [34m[1mGenerating C++ code from ipa_building_msgs/MapSegmentationActionGoal.msg[0m
[  5%] [34m[1mGenerating C++ code from ipa_building_msgs/MapSegmentationAction.msg[0m
[  7%] [34m[1mGenerating Javascript code from ipa_building_msgs/MapSegmentationActionFeedback.msg[0m
[  7%] [34m[1mGenerating Python from MSG ipa_building_msgs/MapSegmentationActionGoal[0m
[  8%] [34m[1mGenerating Python from MSG ipa_building_msgs/MapSegmentationActionResult[0m
[  9%] [34m[1mGenerating EusLisp code from ipa_building_msgs/MapSegmentationAction.msg[0m
[ 10%] [34m[1mGenerating Javascript code from ipa_building_msgs/MapSegmentationGoal.msg[0m
[ 10%] [34m[1mGenerating Python from MSG ipa_building_msgs/MapSegmentationAction[0m
[ 10%] [34m[1mGenerating Lisp code from ipa_building_msgs/MapSegmentationActionGoal.msg[0m
[ 11%] [34m[1mGenerating Python from MSG ipa_building_msgs/MapSegmentationActionFeedback[0m
[ 12%] [34m[1mGenerating EusLisp code from ipa_building_msgs/MapSegmentationActionResult.msg[0m
[ 14%] [34m[1mGenerating EusLisp code from ipa_building_msgs/MapSegmentationActionGoal.msg[0m
[ 14%] [34m[1mGenerating Lisp code from ipa_building_msgs/MapSegmentationActionResult.msg[0m
[ 14%] [34m[1mGenerating Javascript code from ipa_building_msgs/MapSegmentationResult.msg[0m
[ 14%] [34m[1mGenerating Python from MSG ipa_building_msgs/MapSegmentationGoal[0m
[ 15%] [34m[1mGenerating Python from MSG ipa_building_msgs/MapSegmentationResult[0m
[ 16%] [34m[1mGenerating Lisp code from ipa_building_msgs/MapSegmentationActionFeedback.msg[0m
[ 16%] [34m[1mGenerating Javascript code from ipa_building_msgs/MapSegmentationFeedback.msg[0m
[ 18%] [34m[1mGenerating C++ code from ipa_building_msgs/MapSegmentationActionResult.msg[0m
[ 18%] [34m[1mGenerating Lisp code from ipa_building_msgs/MapSegmentationGoal.msg[0m
[ 18%] [34m[1mGenerating C++ code from ipa_building_msgs/MapSegmentationActionFeedback.msg[0m
[ 20%] [34m[1mGenerating EusLisp code from ipa_building_msgs/MapSegmentationActionFeedback.msg[0m
[ 21%] [34m[1mGenerating EusLisp code from ipa_building_msgs/MapSegmentationGoal.msg[0m
[ 21%] [34m[1mGenerating Javascript code from ipa_building_msgs/FindRoomSequenceWithCheckpointsAction.msg[0m
[ 21%] [34m[1mGenerating Lisp code from ipa_building_msgs/MapSegmentationResult.msg[0m
[ 22%] [34m[1mGenerating Python from MSG ipa_building_msgs/MapSegmentationFeedback[0m
[ 23%] [34m[1mGenerating Lisp code from ipa_building_msgs/MapSegmentationFeedback.msg[0m
[ 24%] [34m[1mGenerating EusLisp code from ipa_building_msgs/MapSegmentationResult.msg[0m
[ 25%] [34m[1mGenerating Javascript code from ipa_building_msgs/FindRoomSequenceWithCheckpointsActionGoal.msg[0m
[ 26%] [34m[1mGenerating EusLisp code from ipa_building_msgs/MapSegmentationFeedback.msg[0m
[ 27%] [34m[1mGenerating Python from MSG ipa_building_msgs/FindRoomSequenceWithCheckpointsAction[0m
[ 29%] [34m[1mGenerating Javascript code from ipa_building_msgs/FindRoomSequenceWithCheckpointsActionResult.msg[0m
[ 29%] [34m[1mGenerating Lisp code from ipa_building_msgs/FindRoomSequenceWithCheckpointsAction.msg[0m
[ 29%] [34m[1mGenerating Javascript code from ipa_building_msgs/FindRoomSequenceWithCheckpointsActionFeedback.msg[0m
[ 30%] [34m[1mGenerating EusLisp code from ipa_building_msgs/FindRoomSequenceWithCheckpointsAction.msg[0m
[ 31%] [34m[1mGenerating C++ code from ipa_building_msgs/MapSegmentationGoal.msg[0m
[ 31%] [34m[1mGenerating EusLisp code from ipa_building_msgs/FindRoomSequenceWithCheckpointsActionGoal.msg[0m
[ 31%] [34m[1mGenerating Python from MSG ipa_building_msgs/FindRoomSequenceWithCheckpointsActionGoal[0m
[ 32%] [34m[1mGenerating EusLisp code from ipa_building_msgs/FindRoomSequenceWithCheckpointsActionResult.msg[0m
[ 33%] [34m[1mGenerating Lisp code from ipa_building_msgs/FindRoomSequenceWithCheckpointsActionGoal.msg[0m
[ 34%] [34m[1mGenerating Python from MSG ipa_building_msgs/FindRoomSequenceWithCheckpointsActionResult[0m
[ 36%] [34m[1mGenerating Javascript code from ipa_building_msgs/FindRoomSequenceWithCheckpointsResult.msg[0m
[ 36%] [34m[1mGenerating Javascript code from ipa_building_msgs/FindRoomSequenceWithCheckpointsGoal.msg[0m
[ 37%] [34m[1mGenerating Javascript code from ipa_building_msgs/FindRoomSequenceWithCheckpointsFeedback.msg[0m
[ 38%] [34m[1mGenerating C++ code from ipa_building_msgs/MapSegmentationResult.msg[0m
[ 38%] [34m[1mGenerating Lisp code from ipa_building_msgs/FindRoomSequenceWithCheckpointsActionResult.msg[0m
[ 40%] [34m[1mGenerating C++ code from ipa_building_msgs/MapSegmentationFeedback.msg[0m
[ 40%] [34m[1mGenerating Javascript code from ipa_building_msgs/RoomExplorationAction.msg[0m
[ 41%] [34m[1mGenerating Lisp code from ipa_building_msgs/FindRoomSequenceWithCheckpointsActionFeedback.msg[0m
[ 42%] [34m[1mGenerating EusLisp code from ipa_building_msgs/FindRoomSequenceWithCheckpointsActionFeedback.msg[0m
[ 42%] [34m[1mGenerating C++ code from ipa_building_msgs/FindRoomSequenceWithCheckpointsAction.msg[0m
[ 43%] [34m[1mGenerating Javascript code from ipa_building_msgs/RoomExplorationActionGoal.msg[0m
[ 44%] [34m[1mGenerating Python from MSG ipa_building_msgs/FindRoomSequenceWithCheckpointsActionFeedback[0m
[ 44%] [34m[1mGenerating Python from MSG ipa_building_msgs/FindRoomSequenceWithCheckpointsGoal[0m
[ 45%] [34m[1mGenerating Lisp code from ipa_building_msgs/FindRoomSequenceWithCheckpointsGoal.msg[0m
[ 45%] [34m[1mGenerating Lisp code from ipa_building_msgs/FindRoomSequenceWithCheckpointsResult.msg[0m
[ 46%] [34m[1mGenerating Javascript code from ipa_building_msgs/RoomExplorationActionResult.msg[0m
[ 47%] [34m[1mGenerating Javascript code from ipa_building_msgs/RoomExplorationActionFeedback.msg[0m
[ 48%] [34m[1mGenerating Lisp code from ipa_building_msgs/FindRoomSequenceWithCheckpointsFeedback.msg[0m
[ 48%] [34m[1mGenerating Javascript code from ipa_building_msgs/RoomExplorationGoal.msg[0m
[ 49%] [34m[1mGenerating EusLisp code from ipa_building_msgs/FindRoomSequenceWithCheckpointsGoal.msg[0m
[ 50%] [34m[1mGenerating Lisp code from ipa_building_msgs/RoomExplorationAction.msg[0m
[ 50%] [34m[1mGenerating EusLisp code from ipa_building_msgs/FindRoomSequenceWithCheckpointsResult.msg[0m
[ 52%] [34m[1mGenerating C++ code from ipa_building_msgs/FindRoomSequenceWithCheckpointsActionGoal.msg[0m
[ 52%] [34m[1mGenerating Python from MSG ipa_building_msgs/FindRoomSequenceWithCheckpointsResult[0m
[ 53%] [34m[1mGenerating C++ code from ipa_building_msgs/FindRoomSequenceWithCheckpointsActionResult.msg[0m
[ 54%] [34m[1mGenerating Python from MSG ipa_building_msgs/FindRoomSequenceWithCheckpointsFeedback[0m
[ 55%] [34m[1mGenerating Python from MSG ipa_building_msgs/RoomExplorationAction[0m
[ 55%] [34m[1mGenerating Python from MSG ipa_building_msgs/RoomExplorationActionGoal[0m
[ 56%] [34m[1mGenerating Javascript code from ipa_building_msgs/RoomExplorationResult.msg[0m
[ 57%] [34m[1mGenerating Lisp code from ipa_building_msgs/RoomExplorationActionGoal.msg[0m
[ 57%] [34m[1mGenerating Lisp code from ipa_building_msgs/RoomExplorationActionResult.msg[0m
[ 58%] [34m[1mGenerating Lisp code from ipa_building_msgs/RoomExplorationActionFeedback.msg[0m
[ 60%] [34m[1mGenerating EusLisp code from ipa_building_msgs/FindRoomSequenceWithCheckpointsFeedback.msg[0m
[ 61%] [34m[1mGenerating Lisp code from ipa_building_msgs/RoomExplorationGoal.msg[0m
[ 62%] [34m[1mGenerating Javascript code from ipa_building_msgs/RoomExplorationFeedback.msg[0m
[ 63%] [34m[1mGenerating Python from MSG ipa_building_msgs/RoomExplorationActionResult[0m
[ 63%] [34m[1mGenerating Javascript code from ipa_building_msgs/RoomInformation.msg[0m
[ 64%] [34m[1mGenerating C++ code from ipa_building_msgs/FindRoomSequenceWithCheckpointsActionFeedback.msg[0m
[ 64%] [34m[1mGenerating Javascript code from ipa_building_msgs/RoomSequence.msg[0m
[ 65%] [34m[1mGenerating Javascript code from ipa_building_msgs/CheckCoverage.srv[0m
[ 66%] [34m[1mGenerating Lisp code from ipa_building_msgs/RoomExplorationResult.msg[0m
[ 67%] [34m[1mGenerating Python from MSG ipa_building_msgs/RoomExplorationActionFeedback[0m
[ 68%] [34m[1mGenerating Python from MSG ipa_building_msgs/RoomExplorationGoal[0m
[ 68%] [34m[1mGenerating Python from MSG ipa_building_msgs/RoomExplorationResult[0m
[ 69%] [34m[1mGenerating EusLisp code from ipa_building_msgs/RoomExplorationAction.msg[0m
[ 70%] [34m[1mGenerating EusLisp code from ipa_building_msgs/RoomExplorationActionGoal.msg[0m
[ 71%] [34m[1mGenerating Javascript code from ipa_building_msgs/ExtractAreaMapFromLabeledMap.srv[0m
[ 72%] [34m[1mGenerating Lisp code from ipa_building_msgs/RoomExplorationFeedback.msg[0m
[ 72%] [34m[1mGenerating Python from MSG ipa_building_msgs/RoomExplorationFeedback[0m
[ 72%] [34m[1mGenerating EusLisp code from ipa_building_msgs/RoomExplorationActionResult.msg[0m
[ 73%] [34m[1mGenerating C++ code from ipa_building_msgs/FindRoomSequenceWithCheckpointsGoal.msg[0m
[ 73%] Built target ipa_building_msgs_generate_messages_nodejs
[ 75%] [34m[1mGenerating EusLisp code from ipa_building_msgs/RoomExplorationActionFeedback.msg[0m
[ 75%] [34m[1mGenerating EusLisp code from ipa_building_msgs/RoomExplorationGoal.msg[0m
[ 76%] [34m[1mGenerating Lisp code from ipa_building_msgs/RoomInformation.msg[0m
[ 76%] [34m[1mGenerating EusLisp code from ipa_building_msgs/RoomExplorationResult.msg[0m
[ 77%] [34m[1mGenerating EusLisp code from ipa_building_msgs/RoomExplorationFeedback.msg[0m
[ 78%] [34m[1mGenerating Lisp code from ipa_building_msgs/RoomSequence.msg[0m
[ 80%] [34m[1mGenerating EusLisp code from ipa_building_msgs/RoomInformation.msg[0m
[ 81%] [34m[1mGenerating Python from MSG ipa_building_msgs/RoomInformation[0m
[ 82%] [34m[1mGenerating C++ code from ipa_building_msgs/FindRoomSequenceWithCheckpointsResult.msg[0m
[ 83%] [34m[1mGenerating EusLisp code from ipa_building_msgs/RoomSequence.msg[0m
[ 83%] [34m[1mGenerating EusLisp code from ipa_building_msgs/CheckCoverage.srv[0m
[ 84%] [34m[1mGenerating C++ code from ipa_building_msgs/FindRoomSequenceWithCheckpointsFeedback.msg[0m
[ 85%] [34m[1mGenerating EusLisp code from ipa_building_msgs/ExtractAreaMapFromLabeledMap.srv[0m
[ 86%] [34m[1mGenerating Lisp code from ipa_building_msgs/CheckCoverage.srv[0m
[ 87%] [34m[1mGenerating Python from MSG ipa_building_msgs/RoomSequence[0m
[ 88%] [34m[1mGenerating Python code from SRV ipa_building_msgs/CheckCoverage[0m
[ 88%] [34m[1mGenerating EusLisp manifest code for ipa_building_msgs[0m
[ 88%] [34m[1mGenerating Lisp code from ipa_building_msgs/ExtractAreaMapFromLabeledMap.srv[0m
[ 88%] [34m[1mGenerating C++ code from ipa_building_msgs/RoomExplorationAction.msg[0m
[ 89%] [34m[1mGenerating C++ code from ipa_building_msgs/RoomExplorationActionGoal.msg[0m
[ 90%] [34m[1mGenerating Python code from SRV ipa_building_msgs/ExtractAreaMapFromLabeledMap[0m
[ 91%] [34m[1mGenerating C++ code from ipa_building_msgs/RoomExplorationActionResult.msg[0m
[ 92%] [34m[1mGenerating C++ code from ipa_building_msgs/RoomExplorationActionFeedback.msg[0m
[ 92%] Built target ipa_building_msgs_generate_messages_lisp
[ 93%] [34m[1mGenerating C++ code from ipa_building_msgs/RoomExplorationGoal.msg[0m
[ 93%] [34m[1mGenerating C++ code from ipa_building_msgs/RoomExplorationResult.msg[0m
[ 94%] [34m[1mGenerating C++ code from ipa_building_msgs/RoomExplorationFeedback.msg[0m
[ 95%] [34m[1mGenerating C++ code from ipa_building_msgs/RoomInformation.msg[0m
[ 95%] [34m[1mGenerating C++ code from ipa_building_msgs/RoomSequence.msg[0m
[ 96%] [34m[1mGenerating C++ code from ipa_building_msgs/CheckCoverage.srv[0m
[ 97%] [34m[1mGenerating C++ code from ipa_building_msgs/ExtractAreaMapFromLabeledMap.srv[0m
[100%] [34m[1mGenerating Python srv __init__.py for ipa_building_msgs[0m
[100%] [34m[1mGenerating Python msg __init__.py for ipa_building_msgs[0m
[100%] Built target ipa_building_msgs_generate_messages_eus
[100%] Built target ipa_building_msgs_generate_messages_py
[100%] Built target ipa_building_msgs_generate_messages_cpp
[35m[1mScanning dependencies of target ipa_building_msgs_generate_messages[0m
[100%] Built target ipa_building_msgs_generate_messages
