Not searching for unused variables given on the command line.
[36m--[0m The C compiler identification is GNU 9.4.0
[36m--[0m The CXX compiler identification is GNU 9.4.0
[36m--[0m Check for working C compiler: /usr/bin/cc
[36m--[0m Check for working C compiler: /usr/bin/cc -- works
[36m--[0m Detecting C compiler ABI info
[36m--[0m Detecting C compiler ABI info - done
[36m--[0m Detecting C compile features
[36m--[0m Detecting C compile features - done
[36m--[0m Check for working CXX compiler: /usr/bin/c++
[36m--[0m Check for working CXX compiler: /usr/bin/c++ -- works
[36m--[0m Detecting CXX compiler ABI info
[36m--[0m Detecting CXX compiler ABI info - done
[36m--[0m Detecting CXX compile features
[36m--[0m Detecting CXX compile features - done
[36m--[0m Using CATKIN_DEVEL_PREFIX: /home/taylor/room_exp/devel/.private/ipa_room_exploration
[36m--[0m Using CMAKE_PREFIX_PATH: /home/taylor/room_exp/devel;/opt/ros/noetic;/home/taylor/dlib
[36m--[0m This workspace overlays: /home/taylor/room_exp/devel;/opt/ros/noetic
[36m--[0m Found PythonInterp: /usr/bin/python3 (found suitable version "3.8.10", minimum required is "3")
[36m--[0m Using PYTHON_EXECUTABLE: /usr/bin/python3
[36m--[0m Using Debian Python package layout
[36m--[0m Found PY_em: /usr/lib/python3/dist-packages/em.py
[36m--[0m Using empy: /usr/lib/python3/dist-packages/em.py
[36m--[0m Using CATKIN_ENABLE_TESTING: ON
[36m--[0m Call enable_testing()
[36m--[0m Using CATKIN_TEST_RESULTS_DIR: /home/taylor/room_exp/build/ipa_room_exploration/test_results
[36m--[0m Forcing gtest/gmock from source, though one was otherwise available.
[36m--[0m Found gtest sources under '/usr/src/googletest': gtests will be built
[36m--[0m Found gmock sources under '/usr/src/googletest': gmock will be built
[36m--[0m Found PythonInterp: /usr/bin/python3 (found version "3.8.10")
[36m--[0m Found Threads: TRUE
[36m--[0m Using Python nosetests: /usr/bin/nosetests3
[36m--[0m catkin 0.8.10
[36m--[0m BUILD_SHARED_LIBS is on
[36m--[0m Using these message generators: gencpp;geneus;genlisp;gennodejs;genpy
[36m--[0m Found OpenCV: /usr (found version "4.2.0")
[36m--[0m Found Boost: /usr/lib/x86_64-linux-gnu/cmake/Boost-1.71.0/BoostConfig.cmake (found version "1.71.0") found components: system chrono thread
[36m--[0m Gurobi has not been found
[36m--[0m Could NOT find GUROBI (missing: GUROBI_LIBRARY GUROBI_CXX_LIBRARY GUROBI_INCLUDE_DIR)
[36m--[0m Gurobi include dirs:
[36m--[0m Gurobi lib dirs:
[36m--[0m Found PkgConfig: /usr/bin/pkg-config (found version "0.29.1")
[36m--[0m Checking for module 'coinutils'
[36m--[0m   Found coinutils, version 2.11.4
[36m--[0m Checking for module 'osi-clp'
[36m--[0m   Found osi-clp, version 1.17.5
[36m--[0m Checking for module 'clp'
[36m--[0m   Found clp, version 1.17.5
[36m--[0m Checking for module 'osi'
[36m--[0m   Found osi, version 0.108.6
[36m--[0m Checking for module 'cbc'
[36m--[0m   Found cbc, version 2.10.3
[36m--[0m Checking for module 'cgl'
[36m--[0m   Found cgl, version 0.60.3
[36m--[0m coinutils include dirs: /usr/include/coin
[36m--[0m osi-clp include dirs: /usr/include/coin
[36m--[0m clp include dirs: /usr/include/coin
[36m--[0m osi include dirs: /usr/include/coin
[36m--[0m cbc include dirs: /usr/include/coin
[36m--[0m cgl include dirs: /usr/include/coin
[31m[1mCMake Error[0m at /opt/ros/noetic/share/catkin/cmake/catkin_package.cmake:196 (message):
  catkin_package() the catkin package 'tf' has been find_package()-ed but is
  not listed as a build dependency in the package.xml
[36mCall Stack (most recent call first):[0m
  /opt/ros/noetic/share/catkin/cmake/catkin_package.cmake:102 (_catkin_package)
  CMakeLists.txt:96 (catkin_package)


[36m--[0m Configuring incomplete, errors occurred!
See also "/home/taylor/room_exp/build/ipa_room_exploration/CMakeFiles/CMakeOutput.log".
See also "/home/taylor/room_exp/build/ipa_room_exploration/CMakeFiles/CMakeError.log".
